find_header: checking for sqlite3.h... -------------------- yes

"gcc -E -I. -I/usr/lib/ruby/1.8/i386-cygwin -I. -I/usr/local/include -I/opt/local/include -I/sw/local/include -I/usr/include    -g -O2     conftest.c -o conftest.i"
checked program was:
/* begin */
1: #include <sqlite3.h>
/* end */

--------------------

find_library: checking for sqlite3_libversion_number() in -lsqlite3... -------------------- yes

"gcc -o conftest -I. -I/usr/lib/ruby/1.8/i386-cygwin -I. -I/usr/local/include -I/opt/local/include -I/sw/local/include -I/usr/include    -g -O2    conftest.c  -L. -L/usr/lib -L/usr/local/lib -L/opt/local/lib -L/sw/local/lib -L/usr/lib -L.      -lruby-static -lsqlite3  -ldl -lcrypt  "
conftest.c: In function `t':
conftest.c:3: error: `sqlite3_libversion_number' undeclared (first use in this function)
conftest.c:3: error: (Each undeclared identifier is reported only once
conftest.c:3: error: for each function it appears in.)
checked program was:
/* begin */
1: /*top*/
2: int main() { return 0; }
3: int t() { void ((*volatile p)()); p = (void ((*)()))sqlite3_libversion_number; return 0; }
/* end */

"gcc -o conftest -I. -I/usr/lib/ruby/1.8/i386-cygwin -I. -I/usr/local/include -I/opt/local/include -I/sw/local/include -I/usr/include    -g -O2    conftest.c  -L. -L/usr/lib -L/usr/local/lib -L/opt/local/lib -L/sw/local/lib -L/usr/lib -L.      -lruby-static -lsqlite3  -ldl -lcrypt  "
checked program was:
/* begin */
1: /*top*/
2: int main() { return 0; }
3: int t() { sqlite3_libversion_number(); return 0; }
/* end */

--------------------

have_func: checking for rb_proc_arity()... -------------------- no

"gcc -o conftest -I. -I/usr/lib/ruby/1.8/i386-cygwin -I. -I/usr/local/include -I/opt/local/include -I/sw/local/include -I/usr/include    -g -O2    conftest.c  -L. -L/usr/lib -L/usr/local/lib -L/opt/local/lib -L/sw/local/lib -L/usr/lib -L.     -lsqlite3  -lruby-static -lsqlite3  -ldl -lcrypt  "
conftest.c: In function `t':
conftest.c:3: error: `rb_proc_arity' undeclared (first use in this function)
conftest.c:3: error: (Each undeclared identifier is reported only once
conftest.c:3: error: for each function it appears in.)
checked program was:
/* begin */
1: /*top*/
2: int main() { return 0; }
3: int t() { void ((*volatile p)()); p = (void ((*)()))rb_proc_arity; return 0; }
/* end */

"gcc -o conftest -I. -I/usr/lib/ruby/1.8/i386-cygwin -I. -I/usr/local/include -I/opt/local/include -I/sw/local/include -I/usr/include    -g -O2    conftest.c  -L. -L/usr/lib -L/usr/local/lib -L/opt/local/lib -L/sw/local/lib -L/usr/lib -L.     -lsqlite3  -lruby-static -lsqlite3  -ldl -lcrypt  "
/tmp/ccUzsUta.o: In function `t':
/home/xp/railstore/nokogiri/ruby/1.8/gems/sqlite3-1.3.3/ext/sqlite3/conftest.c:3: undefined reference to `_rb_proc_arity'
collect2: ld returned 1 exit status
checked program was:
/* begin */
1: /*top*/
2: int main() { return 0; }
3: int t() { rb_proc_arity(); return 0; }
/* end */

--------------------

have_func: checking for sqlite3_initialize()... -------------------- yes

"gcc -o conftest -I. -I/usr/lib/ruby/1.8/i386-cygwin -I. -I/usr/local/include -I/opt/local/include -I/sw/local/include -I/usr/include    -g -O2    conftest.c  -L. -L/usr/lib -L/usr/local/lib -L/opt/local/lib -L/sw/local/lib -L/usr/lib -L.     -lsqlite3  -lruby-static -lsqlite3  -ldl -lcrypt  "
conftest.c: In function `t':
conftest.c:3: error: `sqlite3_initialize' undeclared (first use in this function)
conftest.c:3: error: (Each undeclared identifier is reported only once
conftest.c:3: error: for each function it appears in.)
checked program was:
/* begin */
1: /*top*/
2: int main() { return 0; }
3: int t() { void ((*volatile p)()); p = (void ((*)()))sqlite3_initialize; return 0; }
/* end */

"gcc -o conftest -I. -I/usr/lib/ruby/1.8/i386-cygwin -I. -I/usr/local/include -I/opt/local/include -I/sw/local/include -I/usr/include    -g -O2    conftest.c  -L. -L/usr/lib -L/usr/local/lib -L/opt/local/lib -L/sw/local/lib -L/usr/lib -L.     -lsqlite3  -lruby-static -lsqlite3  -ldl -lcrypt  "
checked program was:
/* begin */
1: /*top*/
2: int main() { return 0; }
3: int t() { sqlite3_initialize(); return 0; }
/* end */

--------------------

have_func: checking for sqlite3_next_stmt()... -------------------- yes

"gcc -o conftest -I. -I/usr/lib/ruby/1.8/i386-cygwin -I. -I/usr/local/include -I/opt/local/include -I/sw/local/include -I/usr/include    -g -O2    conftest.c  -L. -L/usr/lib -L/usr/local/lib -L/opt/local/lib -L/sw/local/lib -L/usr/lib -L.     -lsqlite3  -lruby-static -lsqlite3  -ldl -lcrypt  "
conftest.c: In function `t':
conftest.c:3: error: `sqlite3_next_stmt' undeclared (first use in this function)
conftest.c:3: error: (Each undeclared identifier is reported only once
conftest.c:3: error: for each function it appears in.)
checked program was:
/* begin */
1: /*top*/
2: int main() { return 0; }
3: int t() { void ((*volatile p)()); p = (void ((*)()))sqlite3_next_stmt; return 0; }
/* end */

"gcc -o conftest -I. -I/usr/lib/ruby/1.8/i386-cygwin -I. -I/usr/local/include -I/opt/local/include -I/sw/local/include -I/usr/include    -g -O2    conftest.c  -L. -L/usr/lib -L/usr/local/lib -L/opt/local/lib -L/sw/local/lib -L/usr/lib -L.     -lsqlite3  -lruby-static -lsqlite3  -ldl -lcrypt  "
checked program was:
/* begin */
1: /*top*/
2: int main() { return 0; }
3: int t() { sqlite3_next_stmt(); return 0; }
/* end */

--------------------

have_func: checking for sqlite3_backup_init()... -------------------- yes

"gcc -o conftest -I. -I/usr/lib/ruby/1.8/i386-cygwin -I. -I/usr/local/include -I/opt/local/include -I/sw/local/include -I/usr/include    -g -O2    conftest.c  -L. -L/usr/lib -L/usr/local/lib -L/opt/local/lib -L/sw/local/lib -L/usr/lib -L.     -lsqlite3  -lruby-static -lsqlite3  -ldl -lcrypt  "
conftest.c: In function `t':
conftest.c:3: error: `sqlite3_backup_init' undeclared (first use in this function)
conftest.c:3: error: (Each undeclared identifier is reported only once
conftest.c:3: error: for each function it appears in.)
checked program was:
/* begin */
1: /*top*/
2: int main() { return 0; }
3: int t() { void ((*volatile p)()); p = (void ((*)()))sqlite3_backup_init; return 0; }
/* end */

"gcc -o conftest -I. -I/usr/lib/ruby/1.8/i386-cygwin -I. -I/usr/local/include -I/opt/local/include -I/sw/local/include -I/usr/include    -g -O2    conftest.c  -L. -L/usr/lib -L/usr/local/lib -L/opt/local/lib -L/sw/local/lib -L/usr/lib -L.     -lsqlite3  -lruby-static -lsqlite3  -ldl -lcrypt  "
checked program was:
/* begin */
1: /*top*/
2: int main() { return 0; }
3: int t() { sqlite3_backup_init(); return 0; }
/* end */

--------------------

have_func: checking for sqlite3_column_database_name()... -------------------- no

"gcc -o conftest -I. -I/usr/lib/ruby/1.8/i386-cygwin -I. -I/usr/local/include -I/opt/local/include -I/sw/local/include -I/usr/include    -g -O2    conftest.c  -L. -L/usr/lib -L/usr/local/lib -L/opt/local/lib -L/sw/local/lib -L/usr/lib -L.     -lsqlite3  -lruby-static -lsqlite3  -ldl -lcrypt  "
conftest.c: In function `t':
conftest.c:3: error: `sqlite3_column_database_name' undeclared (first use in this function)
conftest.c:3: error: (Each undeclared identifier is reported only once
conftest.c:3: error: for each function it appears in.)
checked program was:
/* begin */
1: /*top*/
2: int main() { return 0; }
3: int t() { void ((*volatile p)()); p = (void ((*)()))sqlite3_column_database_name; return 0; }
/* end */

"gcc -o conftest -I. -I/usr/lib/ruby/1.8/i386-cygwin -I. -I/usr/local/include -I/opt/local/include -I/sw/local/include -I/usr/include    -g -O2    conftest.c  -L. -L/usr/lib -L/usr/local/lib -L/opt/local/lib -L/sw/local/lib -L/usr/lib -L.     -lsqlite3  -lruby-static -lsqlite3  -ldl -lcrypt  "
/tmp/ccsAmEg4.o: In function `t':
/home/xp/railstore/nokogiri/ruby/1.8/gems/sqlite3-1.3.3/ext/sqlite3/conftest.c:3: undefined reference to `_sqlite3_column_database_name'
collect2: ld returned 1 exit status
checked program was:
/* begin */
1: /*top*/
2: int main() { return 0; }
3: int t() { sqlite3_column_database_name(); return 0; }
/* end */

--------------------

have_func: checking for sqlite3_enable_load_extension()... -------------------- yes

"gcc -o conftest -I. -I/usr/lib/ruby/1.8/i386-cygwin -I. -I/usr/local/include -I/opt/local/include -I/sw/local/include -I/usr/include    -g -O2    conftest.c  -L. -L/usr/lib -L/usr/local/lib -L/opt/local/lib -L/sw/local/lib -L/usr/lib -L.     -lsqlite3  -lruby-static -lsqlite3  -ldl -lcrypt  "
conftest.c: In function `t':
conftest.c:3: error: `sqlite3_enable_load_extension' undeclared (first use in this function)
conftest.c:3: error: (Each undeclared identifier is reported only once
conftest.c:3: error: for each function it appears in.)
checked program was:
/* begin */
1: /*top*/
2: int main() { return 0; }
3: int t() { void ((*volatile p)()); p = (void ((*)()))sqlite3_enable_load_extension; return 0; }
/* end */

"gcc -o conftest -I. -I/usr/lib/ruby/1.8/i386-cygwin -I. -I/usr/local/include -I/opt/local/include -I/sw/local/include -I/usr/include    -g -O2    conftest.c  -L. -L/usr/lib -L/usr/local/lib -L/opt/local/lib -L/sw/local/lib -L/usr/lib -L.     -lsqlite3  -lruby-static -lsqlite3  -ldl -lcrypt  "
checked program was:
/* begin */
1: /*top*/
2: int main() { return 0; }
3: int t() { sqlite3_enable_load_extension(); return 0; }
/* end */

--------------------

have_func: checking for sqlite3_load_extension()... -------------------- yes

"gcc -o conftest -I. -I/usr/lib/ruby/1.8/i386-cygwin -I. -I/usr/local/include -I/opt/local/include -I/sw/local/include -I/usr/include    -g -O2    conftest.c  -L. -L/usr/lib -L/usr/local/lib -L/opt/local/lib -L/sw/local/lib -L/usr/lib -L.     -lsqlite3  -lruby-static -lsqlite3  -ldl -lcrypt  "
conftest.c: In function `t':
conftest.c:3: error: `sqlite3_load_extension' undeclared (first use in this function)
conftest.c:3: error: (Each undeclared identifier is reported only once
conftest.c:3: error: for each function it appears in.)
checked program was:
/* begin */
1: /*top*/
2: int main() { return 0; }
3: int t() { void ((*volatile p)()); p = (void ((*)()))sqlite3_load_extension; return 0; }
/* end */

"gcc -o conftest -I. -I/usr/lib/ruby/1.8/i386-cygwin -I. -I/usr/local/include -I/opt/local/include -I/sw/local/include -I/usr/include    -g -O2    conftest.c  -L. -L/usr/lib -L/usr/local/lib -L/opt/local/lib -L/sw/local/lib -L/usr/lib -L.     -lsqlite3  -lruby-static -lsqlite3  -ldl -lcrypt  "
checked program was:
/* begin */
1: /*top*/
2: int main() { return 0; }
3: int t() { sqlite3_load_extension(); return 0; }
/* end */

--------------------

